<html>
<body>
<pre>
<h1>Vision Build Log</h1>
<h2>Tool Versions:</h2>
IDE-Version: μVision V5.23.0.0
Copyright (C) 2017 ARM Ltd and ARM Germany GmbH. All rights reserved.
License Information: he RX_HE, he, LIC=FYK12-9RMZW-FWU2N-Y3NRV-SF48U-JNI4T
 
Tool Versions:
Toolchain:       MDK-ARM Plus  Version: 5.23
Toolchain Path:  C:\Keil_v5\ARM\ARMCC\Bin
C Compiler:      Armcc.exe V5.06 update 4 (build 422)
Assembler:       Armasm.exe V5.06 update 4 (build 422)
Linker/Locator:  ArmLink.exe V5.06 update 4 (build 422)
Library Manager: ArmAr.exe V5.06 update 4 (build 422)
Hex Converter:   FromElf.exe V5.06 update 4 (build 422)
CPU DLL:         SARMCM3.DLL V5.23
Dialog DLL:      DARMSTM.DLL V1.68.0.0
Target DLL:      STLink\ST-LINKIII-KEIL_SWO.dll V2.0.18.0
Dialog DLL:      TARMSTM.DLL V1.66.0.0
 
<h2>Project:</h2>
F:\Test\LLW_Project\RVMDK\LLW_Project.uvprojx
Project File Date:  12/12/2018

<h2>Output:</h2>
*** Using Compiler 'V5.06 update 4 (build 422)', folder: 'C:\Keil_v5\ARM\ARMCC\Bin'
Build target 'Challenge10Sec'
compiling TaskGame.c...
..\SRC\User\TaskGame.c(12): error:  #20: identifier "STEP_IDLE" is undefined
  			case STEP_IDLE:
..\SRC\User\TaskGame.c(13): warning:  #223-D: function "IdleLedRun" declared implicitly
  				IdleLedRun();
..\SRC\User\TaskGame.c(14): error:  #136: struct "<unnamed>"  has no field "Play"
  				if(System.Play.CurCoins>=System.Para.CoinPlay)
..\SRC\User\TaskGame.c(14): error:  #136: struct "<unnamed>"  has no field "Para"
  				if(System.Play.CurCoins>=System.Para.CoinPlay)
..\SRC\User\TaskGame.c(16): error:  #136: struct "<unnamed>"  has no field "StartLedBlink"
  					Flag.StartLedBlink=1;
..\SRC\User\TaskGame.c(20): error:  #136: struct "<unnamed>"  has no field "DisplayType"
  					Flag.DisplayType=DISPLAY_TYPE_SET;
..\SRC\User\TaskGame.c(21): error:  #20: identifier "STEP_SET" is undefined
  					Flag.Step=STEP_SET;
..\SRC\User\TaskGame.c(24): error:  #20: identifier "start" is undefined
  				start=0;
..\SRC\User\TaskGame.c(25): error:  #136: struct "<unnamed>"  has no field "Play"
  				if(System.Play.CurCoins>=System.Para.CoinPlay)
..\SRC\User\TaskGame.c(25): error:  #136: struct "<unnamed>"  has no field "Para"
  				if(System.Play.CurCoins>=System.Para.CoinPlay)
..\SRC\User\TaskGame.c(30): error:  #136: struct "<unnamed>"  has no field "AutoModeSta"
  						Flag.AutoModeSta=0;//随机模式.insdex
..\SRC\User\TaskGame.c(31): error:  #136: struct "<unnamed>"  has no field "AutoModeDelay"
  						Flag.AutoModeDelay=0;
..\SRC\User\TaskGame.c(32): error:  #136: struct "<unnamed>"  has no field "Play"
  						System.Play.CurCoins-=System.Para.CoinPlay;//Coinlay
..\SRC\User\TaskGame.c(32): error:  #136: struct "<unnamed>"  has no field "Para"
  						System.Play.CurCoins-=System.Para.CoinPlay;//Coinlay
..\SRC\User\TaskGame.c(39): error:  #136: struct "<unnamed>"  has no field "AutoModeDelay"
  					if(Flag.AutoModeDelay>=60000)
..\SRC\User\TaskGame.c(42): error:  #136: struct "<unnamed>"  has no field "AutoModeDelay"
  						Flag.AutoModeDelay=0;
..\SRC\User\TaskGame.c(43): error:  #136: struct "<unnamed>"  has no field "AutoModeSta"
  						Flag.AutoModeSta=1;//随机模式.insdex
..\SRC\User\TaskGame.c(48): warning:  #223-D: function "VoiceGameSendBreak" declared implicitly
  						VoiceGameSendBreak(VOICE_PLEASECOIN);
..\SRC\User\TaskGame.c(48): error:  #20: identifier "VOICE_PLEASECOIN" is undefined
  						VoiceGameSendBreak(VOICE_PLEASECOIN);
..\SRC\User\TaskGame.c(55): error:  #136: struct "<unnamed>"  has no field "ClockSecSta"
  					Flag.ClockSecSta=1;
..\SRC\User\TaskGame.c(56): error:  #136: struct "<unnamed>"  has no field "StartLedBlink"
  					Flag.StartLedBlink=0;
..\SRC\User\TaskGame.c(57): error:  #136: struct "<unnamed>"  has no field "ResultCheat"
  					Flag.ResultCheat=0;
..\SRC\User\TaskGame.c(58): error:  #136: struct "<unnamed>"  has no field "ResultPrize"
  					Flag.ResultPrize=0;
..\SRC\User\TaskGame.c(59): error:  #136: struct "<unnamed>"  has no field "ResultFail"
  					Flag.ResultFail=0;
..\SRC\User\TaskGame.c(60): warning:  #223-D: function "Start1LedOn" declared implicitly
  					Start1LedOn();
..\SRC\User\TaskGame.c(61): warning:  #223-D: function "Start2LedOn" declared implicitly
  					Start2LedOn();
..\SRC\User\TaskGame.c(62): error:  #136: struct "<unnamed>"  has no field "AutoModeSta"
  					if(Flag.AutoModeSta==0)
..\SRC\User\TaskGame.c(64): error:  #136: struct "<unnamed>"  has no field "Time10SCnt"
  						Flag.Time10SCnt=0;
..\SRC\User\TaskGame.c(65): error:  #136: struct "<unnamed>"  has no field "ClockPointer"
  						Flag.ClockPointer=0;
..\SRC\User\TaskGame.c(66): error:  #136: struct "<unnamed>"  has no field "ClockLedSta"
  						Flag.ClockLedSta=0;
..\SRC\User\TaskGame.c(68): error:  #20: identifier "STEP_SELGIFT" is undefined
  						Flag.Step=STEP_SELGIFT;
..\SRC\User\TaskGame.c(69): error:  #136: struct "<unnamed>"  has no field "GiftId"
  						Flag.GiftId=0;
..\SRC\User\TaskGame.c(70): error:  #136: struct "<unnamed>"  has no field "GiftLedSta"
  						Flag.GiftLedSta=0x01;
..\SRC\User\TaskGame.c(71): error:  #20: identifier "SoundGame" is undefined
  						SoundGame.BegIndex=0;
..\SRC\User\TaskGame.c: 4 warnings, 30 errors
compiling TaskGsm.c...
..\SRC\User\TaskGsm.c(37): warning:  #177-D: variable "crccheck"  was declared but never referenced
  	u16 crccheck=0;
..\SRC\User\TaskGsm.c(38): warning:  #177-D: variable "random"  was declared but never referenced
  	u8  random=0;
..\SRC\User\TaskGsm.c(184): error:  #136: struct "<unnamed>"  has no field "Para"
  	GsmAskBuf[0]=System.Para.CoinPlay;
..\SRC\User\TaskGsm.c(186): error:  #136: struct "<unnamed>"  has no field "Para"
  	GsmAskBuf[2]=System.Para.GameVol;
..\SRC\User\TaskGsm.c(187): error:  #136: struct "<unnamed>"  has no field "Para"
  	GsmAskBuf[3]=System.Para.BackVol;
..\SRC\User\TaskGsm.c(228): warning:  #177-D: variable "i"  was declared but never referenced
  	u8 i=0;
..\SRC\User\TaskGsm.c(242): warning:  #177-D: variable "i"  was declared but never referenced
  	u8 i=0;
..\SRC\User\TaskGsm.c(319): warning:  #177-D: variable "temp"  was declared but never referenced
    u32 temp=0;
..\SRC\User\TaskGsm.c(397): warning:  #177-D: variable "code"  was declared but never referenced
  	u8 code=0;
..\SRC\User\TaskGsm.c(398): warning:  #177-D: variable "i"  was declared but never referenced
  	u8 i=0;
..\SRC\User\TaskGsm.c(399): warning:  #177-D: variable "crc1"  was declared but never referenced
  	u16 crc1=0,crc=0;
..\SRC\User\TaskGsm.c(399): warning:  #177-D: variable "crc"  was declared but never referenced
  	u16 crc1=0,crc=0;
..\SRC\User\TaskGsm.c(626): warning:  #223-D: function "memset" declared implicitly
  			memset(&GsmSend.Msg[GsmSend.MsgBegin][0],0,MAXMSGBUFFERLEN);
..\SRC\User\TaskGsm.c(639): warning:  #177-D: variable "i"  was declared but never referenced
    u8 i=0;
..\SRC\User\TaskGsm.c(640): warning:  #177-D: variable "err_old"  was declared but never referenced
  	u16 err_old=0;
..\SRC\User\TaskGsm.c: 12 warnings, 3 errors
compiling TaskKey.c...
..\SRC\User\TaskKey.c(17): warning:  #223-D: function "DataSaveProcess" declared implicitly
      DataSaveProcess();
..\SRC\User\TaskKey.c(13): warning:  #177-D: variable "value"  was declared but never referenced
    u8 value=0;
..\SRC\User\TaskKey.c(14): warning:  #177-D: variable "i"  was declared but never referenced
    u8 i=0;
..\SRC\User\TaskKey.c: 3 warnings, 0 errors
compiling TaskDisplay.c...
..\SRC\User\TaskDisplay.c(20): warning:  #177-D: variable "x"  was declared but never referenced
  	u16 x=0,y=0,len=0;
..\SRC\User\TaskDisplay.c(20): warning:  #177-D: variable "y"  was declared but never referenced
  	u16 x=0,y=0,len=0;
..\SRC\User\TaskDisplay.c(20): warning:  #177-D: variable "len"  was declared but never referenced
  	u16 x=0,y=0,len=0;
..\SRC\User\TaskDisplay.c: 3 warnings, 0 errors
compiling Game.c...
compiling main.c...
compiling Set.c...
compiling stm32f10x_it.c...
..\src\stm32f10x_it.c(85): warning:  #177-D: variable "delay"  was declared but never referenced
    static u16 delay=0;
..\src\stm32f10x_it.c(86): warning:  #177-D: variable "count"  was declared but never referenced
    static u8 count=0;
..\src\stm32f10x_it.c(87): warning:  #177-D: variable "i"  was declared but never referenced
  	u8 i=0;
..\src\stm32f10x_it.c: 3 warnings, 0 errors
compiling FM24C04.c...
..\SRC\FRAM\FM24C04.c(187): warning:  #177-D: variable "TimeOut"  was declared but never referenced
  	u16 TimeOut=0;
..\SRC\FRAM\FM24C04.c: 1 warning, 0 errors
compiling NVIC.c...
compiling HardwareInit.c...
..\SRC\User\HardwareInit.c(49): warning:  #177-D: variable "tp"  was declared but never referenced
  	u8 tp=0;
..\SRC\User\HardwareInit.c(84): warning:  #177-D: variable "i"  was declared but never referenced
    u8 i,j;
..\SRC\User\HardwareInit.c(84): warning:  #177-D: variable "j"  was declared but never referenced
    u8 i,j;
..\SRC\User\HardwareInit.c: 3 warnings, 0 errors
compiling USART.c...
..\SRC\User\USART.c(9): warning:  #177-D: variable "GPIO_InitStructure"  was declared but never referenced
    GPIO_InitTypeDef GPIO_InitStructure;
..\SRC\User\USART.c(10): warning:  #177-D: variable "USART_InitStructure"  was declared but never referenced
  	USART_InitTypeDef USART_InitStructure;
..\SRC\User\USART.c: 2 warnings, 0 errors
compiling GPIO.c...
compiling IIC.c...
compiling MT_random.c...
compiling TFT32.c...
..\SRC\LCD\TFT32.c(259): warning:  #177-D: variable "i"  was declared but never referenced
  	u8 i=0;
..\SRC\LCD\TFT32.c(416): warning:  #177-D: variable "len"  was declared but never referenced
  	u8 i=0,len=0,FontSize=0,mode=0;
..\SRC\LCD\TFT32.c(416): warning:  #177-D: variable "FontSize"  was declared but never referenced
  	u8 i=0,len=0,FontSize=0,mode=0;
..\SRC\LCD\TFT32.c(416): warning:  #177-D: variable "mode"  was declared but never referenced
  	u8 i=0,len=0,FontSize=0,mode=0;
..\SRC\LCD\TFT32.c(417): warning:  #177-D: variable "x1"  was declared but never referenced
  	u16 x1,y1,x2,y2,x3,y3,r;
..\SRC\LCD\TFT32.c(417): warning:  #177-D: variable "y1"  was declared but never referenced
  	u16 x1,y1,x2,y2,x3,y3,r;
..\SRC\LCD\TFT32.c(417): warning:  #177-D: variable "x2"  was declared but never referenced
  	u16 x1,y1,x2,y2,x3,y3,r;
..\SRC\LCD\TFT32.c(417): warning:  #177-D: variable "y2"  was declared but never referenced
  	u16 x1,y1,x2,y2,x3,y3,r;
..\SRC\LCD\TFT32.c(417): warning:  #177-D: variable "x3"  was declared but never referenced
  	u16 x1,y1,x2,y2,x3,y3,r;
..\SRC\LCD\TFT32.c(417): warning:  #177-D: variable "y3"  was declared but never referenced
  	u16 x1,y1,x2,y2,x3,y3,r;
..\SRC\LCD\TFT32.c(417): warning:  #177-D: variable "r"  was declared but never referenced
  	u16 x1,y1,x2,y2,x3,y3,r;
..\SRC\LCD\TFT32.c(544): warning:  #223-D: function "memset" declared implicitly
  			memset(&RS485Send.Msg[RS485Send.MsgBegin][0],0,MAXMSGBUFFERLEN);
..\SRC\LCD\TFT32.c(572): warning:  #177-D: variable "buf"  was declared but never referenced
  	u8 buf[5]={0};
..\SRC\LCD\TFT32.c: 13 warnings, 0 errors
compiling CRC16.c...
"..\Output\Challenge10Sec.axf" - 33 Error(s), 44 Warning(s).

<h2>Software Packages used:</h2>

Package Vendor: ARM
                http://www.keil.com/pack/ARM.CMSIS.5.0.1.pack
                ARM::CMSIS:CORE:5.0.1
                CMSIS (Cortex Microcontroller Software Interface Standard)
   * Component: CORE Version: 5.0.1

<h2>Collection of Component include folders:</h2>
  .\RTE\_Challenge10Sec
  C:\Keil_v5\ARM\PACK\ARM\CMSIS\5.0.1\CMSIS\Include
  C:\Keil_v5\ARM\PACK\Keil\STM32F1xx_DFP\2.2.0\Device\Include

<h2>Collection of Component Files used:</h2>

   * Component: ARM::CMSIS:CORE:5.0.1
Target not created.
Build Time Elapsed:  00:00:03
</pre>
</body>
</html>
